<?xml version="1.0" encoding="UTF-8"?>
<testsuite name="com.example.ticketapi.service.TicektServiceTest" tests="1" skipped="0" failures="0" errors="0" timestamp="2024-06-28T05:16:03" hostname="DARKITO" time="0.387">
  <properties/>
  <testcase name="whenValidGetAllTickets_thenReturnTickets()" classname="com.example.ticketapi.service.TicektServiceTest" time="0.387"/>
  <system-out><![CDATA[00:15:52.269 [Test worker] INFO org.springframework.test.context.support.AnnotationConfigContextLoaderUtils -- Could not detect default configuration classes for test class [com.example.ticketapi.service.TicektServiceTest]: TicektServiceTest does not declare any static, non-private, non-final, nested classes annotated with @Configuration.
00:15:52.572 [Test worker] INFO org.springframework.boot.test.context.SpringBootTestContextBootstrapper -- Found @SpringBootConfiguration com.example.ticketapi.TicketapiApplication for test class com.example.ticketapi.service.TicektServiceTest

  .   ____          _            __ _ _
 /\\ / ___'_ __ _ _(_)_ __  __ _ \ \ \ \
( ( )\___ | '_ | '_| | '_ \/ _` | \ \ \ \
 \\/  ___)| |_)| | | | | || (_| |  ) ) ) )
  '  |____| .__|_| |_|_| |_\__, | / / / /
 =========|_|==============|___/=/_/_/_/

 :: Spring Boot ::                (v3.3.1)

2024-06-28T00:15:53.449-05:00  INFO 22288 --- [    Test worker] c.e.ticketapi.service.TicektServiceTest  : Starting TicektServiceTest using Java 17.0.8 with PID 22288 (started by Steven in D:\Cursos\pruebas tecnicas\double v partners - fullstack\workspace\ticketapi)
2024-06-28T00:15:53.454-05:00  INFO 22288 --- [    Test worker] c.e.ticketapi.service.TicektServiceTest  : No active profile set, falling back to 1 default profile: "default"
2024-06-28T00:15:55.081-05:00  INFO 22288 --- [    Test worker] .s.d.r.c.RepositoryConfigurationDelegate : Bootstrapping Spring Data JPA repositories in DEFAULT mode.
2024-06-28T00:15:55.232-05:00  INFO 22288 --- [    Test worker] .s.d.r.c.RepositoryConfigurationDelegate : Finished Spring Data repository scanning in 125 ms. Found 2 JPA repository interfaces.
2024-06-28T00:15:56.008-05:00  INFO 22288 --- [    Test worker] com.zaxxer.hikari.HikariDataSource       : HikariPool-1 - Starting...
2024-06-28T00:15:56.368-05:00  INFO 22288 --- [    Test worker] com.zaxxer.hikari.pool.HikariPool        : HikariPool-1 - Added connection conn0: url=jdbc:h2:mem:ticketDB user=SA
2024-06-28T00:15:56.371-05:00  INFO 22288 --- [    Test worker] com.zaxxer.hikari.HikariDataSource       : HikariPool-1 - Start completed.
2024-06-28T00:15:56.743-05:00  INFO 22288 --- [    Test worker] o.hibernate.jpa.internal.util.LogHelper  : HHH000204: Processing PersistenceUnitInfo [name: default]
2024-06-28T00:15:56.965-05:00  INFO 22288 --- [    Test worker] org.hibernate.Version                    : HHH000412: Hibernate ORM core version 6.5.2.Final
2024-06-28T00:15:57.030-05:00  INFO 22288 --- [    Test worker] o.h.c.internal.RegionFactoryInitiator    : HHH000026: Second-level cache disabled
2024-06-28T00:15:57.816-05:00  INFO 22288 --- [    Test worker] o.s.o.j.p.SpringPersistenceUnitInfo      : No LoadTimeWeaver setup: ignoring JPA class transformer
2024-06-28T00:15:57.978-05:00  WARN 22288 --- [    Test worker] org.hibernate.orm.deprecation            : HHH90000025: H2Dialect does not need to be specified explicitly using 'hibernate.dialect' (remove the property setting and it will be selected by default)
2024-06-28T00:15:59.269-05:00  INFO 22288 --- [    Test worker] o.h.e.t.j.p.i.JtaPlatformInitiator       : HHH000489: No JTA platform available (set 'hibernate.transaction.jta.platform' to enable JTA platform integration)
Hibernate: alter table if exists tbl_tickets add column create_at timestamp(6)
Hibernate: alter table if exists tbl_tickets alter column description set data type varchar(255)
Hibernate: alter table if exists tbl_tickets add column update_at timestamp(6)
Hibernate: alter table if exists tbl_users alter column first_name set data type varchar(255)
Hibernate: alter table if exists tbl_users alter column last_name set data type varchar(255)
2024-06-28T00:15:59.354-05:00  INFO 22288 --- [    Test worker] j.LocalContainerEntityManagerFactoryBean : Initialized JPA EntityManagerFactory for persistence unit 'default'
2024-06-28T00:16:00.463-05:00  WARN 22288 --- [    Test worker] JpaBaseConfiguration$JpaWebConfiguration : spring.jpa.open-in-view is enabled by default. Therefore, database queries may be performed during view rendering. Explicitly configure spring.jpa.open-in-view to disable this warning
2024-06-28T00:16:01.176-05:00  INFO 22288 --- [    Test worker] o.s.b.a.h2.H2ConsoleAutoConfiguration    : H2 console available at '/h2-console'. Database available at 'jdbc:h2:mem:ticketDB'
2024-06-28T00:16:01.322-05:00  INFO 22288 --- [    Test worker] c.e.ticketapi.service.TicektServiceTest  : Started TicektServiceTest in 8.418 seconds (process running for 10.96)
]]></system-out>
  <system-err><![CDATA[]]></system-err>
</testsuite>
